lineHaulPro/build/outputs/logs/manifest-merger-debug-report.txt
-- Merging decision tree log ---
manifest
ADDED from src/main/AndroidManifest.xml:2:1-202:12
	xmlns:android
		ADDED from src/main/AndroidManifest.xml:2:11-69
	package
		ADDED from src/main/AndroidManifest.xml:3:5-32
		INJECTED from src/main/AndroidManifest.xml
		INJECTED from src/main/AndroidManifest.xml
	android:versionName
		ADDED from src/main/AndroidManifest.xml:5:5-30
		INJECTED from src/main/AndroidManifest.xml
		INJECTED from src/main/AndroidManifest.xml
	android:versionCode
		ADDED from src/main/AndroidManifest.xml:4:5-29
		INJECTED from src/main/AndroidManifest.xml
		INJECTED from src/main/AndroidManifest.xml
uses-sdk
ADDED from src/main/AndroidManifest.xml:7:5-9:41
MERGED from [com.android.support:multidex:1.0.1] AndroidManifest.xml:18:5-42
MERGED from [LHP:zxingLibrary:unspecified] AndroidManifest.xml:5:5-7:41
MERGED from [com.android.support:support-v4:23.0.0] AndroidManifest.xml:20:5-43
MERGED from [com.google.android.gms:play-services-gcm:8.4.0] AndroidManifest.xml:18:5-42
MERGED from [com.google.android.gms:play-services-base:8.4.0] AndroidManifest.xml:18:5-42
MERGED from [com.google.android.gms:play-services-basement:8.4.0] AndroidManifest.xml:18:5-42
MERGED from [com.android.support:support-v4:23.0.0] AndroidManifest.xml:20:5-43
MERGED from [com.google.android.gms:play-services-measurement:8.4.0] AndroidManifest.xml:18:5-42
MERGED from [com.google.android.gms:play-services-basement:8.4.0] AndroidManifest.xml:18:5-42
MERGED from [com.android.support:support-v4:23.0.0] AndroidManifest.xml:20:5-43
MERGED from [com.google.android.gms:play-services-location:8.4.0] AndroidManifest.xml:18:5-42
MERGED from [com.google.android.gms:play-services-base:8.4.0] AndroidManifest.xml:18:5-42
MERGED from [com.google.android.gms:play-services-basement:8.4.0] AndroidManifest.xml:18:5-42
MERGED from [com.android.support:support-v4:23.0.0] AndroidManifest.xml:20:5-43
MERGED from [com.google.android.gms:play-services-maps:8.4.0] AndroidManifest.xml:26:5-42
MERGED from [com.google.android.gms:play-services-base:8.4.0] AndroidManifest.xml:18:5-42
MERGED from [com.google.android.gms:play-services-basement:8.4.0] AndroidManifest.xml:18:5-42
MERGED from [com.android.support:support-v4:23.0.0] AndroidManifest.xml:20:5-43
MERGED from [com.crashlytics.sdk.android:crashlytics:2.5.6] AndroidManifest.xml:7:5-43
MERGED from [com.crashlytics.sdk.android:answers:1.3.7] AndroidManifest.xml:7:5-43
MERGED from [io.fabric.sdk.android:fabric:1.3.11] AndroidManifest.xml:23:5-43
MERGED from [com.crashlytics.sdk.android:crashlytics-core:2.3.9] AndroidManifest.xml:7:5-43
MERGED from [com.crashlytics.sdk.android:answers:1.3.7] AndroidManifest.xml:7:5-43
MERGED from [io.fabric.sdk.android:fabric:1.3.11] AndroidManifest.xml:23:5-43
MERGED from [io.fabric.sdk.android:fabric:1.3.11] AndroidManifest.xml:23:5-43
MERGED from [com.crashlytics.sdk.android:beta:1.1.5] AndroidManifest.xml:7:5-43
MERGED from [io.fabric.sdk.android:fabric:1.3.11] AndroidManifest.xml:23:5-43
MERGED from [io.fabric.sdk.android:fabric:1.3.11] AndroidManifest.xml:23:5-43
MERGED from [com.android.support:appcompat-v7:23.0.0] AndroidManifest.xml:20:5-43
MERGED from [com.android.support:support-v4:23.0.0] AndroidManifest.xml:20:5-43
MERGED from [com.android.support:multidex:1.0.1] AndroidManifest.xml:18:5-42
	android:targetSdkVersion
		ADDED from src/main/AndroidManifest.xml:9:9-38
		INJECTED from src/main/AndroidManifest.xml
		INJECTED from src/main/AndroidManifest.xml
	android:minSdkVersion
		ADDED from src/main/AndroidManifest.xml:8:9-35
		INJECTED from src/main/AndroidManifest.xml
		INJECTED from src/main/AndroidManifest.xml
uses-permission#android.permission.INTERNET
ADDED from src/main/AndroidManifest.xml:11:5-67
MERGED from [com.google.android.gms:play-services-gcm:8.4.0] AndroidManifest.xml:22:5-67
MERGED from [com.google.android.gms:play-services-measurement:8.4.0] AndroidManifest.xml:21:5-67
MERGED from [com.google.android.gms:play-services-maps:8.4.0] AndroidManifest.xml:21:5-66
MERGED from [com.crashlytics.sdk.android:crashlytics:2.5.6] AndroidManifest.xml:9:5-67
MERGED from [com.crashlytics.sdk.android:answers:1.3.7] AndroidManifest.xml:9:5-67
MERGED from [io.fabric.sdk.android:fabric:1.3.11] AndroidManifest.xml:25:5-67
MERGED from [com.crashlytics.sdk.android:crashlytics-core:2.3.9] AndroidManifest.xml:9:5-67
MERGED from [com.crashlytics.sdk.android:answers:1.3.7] AndroidManifest.xml:9:5-67
MERGED from [io.fabric.sdk.android:fabric:1.3.11] AndroidManifest.xml:25:5-67
MERGED from [io.fabric.sdk.android:fabric:1.3.11] AndroidManifest.xml:25:5-67
MERGED from [com.crashlytics.sdk.android:beta:1.1.5] AndroidManifest.xml:9:5-67
MERGED from [io.fabric.sdk.android:fabric:1.3.11] AndroidManifest.xml:25:5-67
MERGED from [io.fabric.sdk.android:fabric:1.3.11] AndroidManifest.xml:25:5-67
	android:name
		ADDED from src/main/AndroidManifest.xml:11:22-64
uses-permission#android.permission.ACCESS_NETWORK_STATE
ADDED from src/main/AndroidManifest.xml:12:5-79
MERGED from [com.google.android.gms:play-services-measurement:8.4.0] AndroidManifest.xml:22:5-79
MERGED from [com.google.android.gms:play-services-maps:8.4.0] AndroidManifest.xml:20:5-78
	android:name
		ADDED from src/main/AndroidManifest.xml:12:22-76
uses-permission#android.permission.CAMERA
ADDED from src/main/AndroidManifest.xml:13:5-65
	android:name
		ADDED from src/main/AndroidManifest.xml:13:22-62
uses-permission#android.permission.FLASHLIGHT
ADDED from src/main/AndroidManifest.xml:14:5-69
	android:name
		ADDED from src/main/AndroidManifest.xml:14:22-66
uses-permission#android.permission.WRITE_EXTERNAL_STORAGE
ADDED from src/main/AndroidManifest.xml:15:5-81
	android:name
		ADDED from src/main/AndroidManifest.xml:15:22-78
uses-permission#android.permission.READ_LOGS
ADDED from src/main/AndroidManifest.xml:16:5-68
	android:name
		ADDED from src/main/AndroidManifest.xml:16:22-65
uses-permission#android.permission.ACCESS_FINE_LOCATION
ADDED from src/main/AndroidManifest.xml:17:5-79
	android:name
		ADDED from src/main/AndroidManifest.xml:17:22-76
uses-permission#android.permission.ACCESS_COARSE_LOCATION
ADDED from src/main/AndroidManifest.xml:18:5-81
	android:name
		ADDED from src/main/AndroidManifest.xml:18:22-78
uses-feature#android.hardware.location.gps
ADDED from src/main/AndroidManifest.xml:22:5-66
	android:name
		ADDED from src/main/AndroidManifest.xml:22:19-63
permission#com.aip.targascan.map.permission.MAPS_RECEIVE
ADDED from src/main/AndroidManifest.xml:24:5-26:47
	android:protectionLevel
		ADDED from src/main/AndroidManifest.xml:26:9-44
	android:name
		ADDED from src/main/AndroidManifest.xml:25:9-69
uses-permission#com.google.android.providers.gsf.permission.READ_GSERVICES
ADDED from src/main/AndroidManifest.xml:28:5-98
	android:name
		ADDED from src/main/AndroidManifest.xml:28:22-95
uses-permission#com.tmob.denizbank.permission.MAPS_RECEIVE
ADDED from src/main/AndroidManifest.xml:29:5-82
	android:name
		ADDED from src/main/AndroidManifest.xml:29:22-79
uses-feature#0x00020000
ADDED from src/main/AndroidManifest.xml:31:5-33:35
MERGED from [com.google.android.gms:play-services-maps:8.4.0] AndroidManifest.xml:22:5-24:33
	android:required
		ADDED from src/main/AndroidManifest.xml:33:9-32
	android:glEsVersion
		ADDED from src/main/AndroidManifest.xml:32:9-41
uses-feature#android.hardware.camera
ADDED from src/main/AndroidManifest.xml:36:5-38:36
	android:required
		ADDED from src/main/AndroidManifest.xml:38:9-33
	android:name
		ADDED from src/main/AndroidManifest.xml:37:9-47
uses-feature#android.hardware.camera.autofocus
ADDED from src/main/AndroidManifest.xml:39:5-41:36
	android:required
		ADDED from src/main/AndroidManifest.xml:41:9-33
	android:name
		ADDED from src/main/AndroidManifest.xml:40:9-57
application
ADDED from src/main/AndroidManifest.xml:43:5-200:19
MERGED from [LHP:zxingLibrary:unspecified] AndroidManifest.xml:9:5-10:19
MERGED from [com.android.support:support-v4:23.0.0] AndroidManifest.xml:22:5-20
MERGED from [com.google.android.gms:play-services-gcm:8.4.0] AndroidManifest.xml:24:5-20
MERGED from [com.google.android.gms:play-services-basement:8.4.0] AndroidManifest.xml:20:5-24:19
MERGED from [com.android.support:support-v4:23.0.0] AndroidManifest.xml:22:5-20
MERGED from [com.google.android.gms:play-services-measurement:8.4.0] AndroidManifest.xml:26:5-46:19
MERGED from [com.google.android.gms:play-services-basement:8.4.0] AndroidManifest.xml:20:5-24:19
MERGED from [com.android.support:support-v4:23.0.0] AndroidManifest.xml:22:5-20
MERGED from [com.google.android.gms:play-services-location:8.4.0] AndroidManifest.xml:19:5-20
MERGED from [com.google.android.gms:play-services-basement:8.4.0] AndroidManifest.xml:20:5-24:19
MERGED from [com.android.support:support-v4:23.0.0] AndroidManifest.xml:22:5-20
MERGED from [com.google.android.gms:play-services-maps:8.4.0] AndroidManifest.xml:27:5-20
MERGED from [com.google.android.gms:play-services-basement:8.4.0] AndroidManifest.xml:20:5-24:19
MERGED from [com.android.support:support-v4:23.0.0] AndroidManifest.xml:22:5-20
MERGED from [com.crashlytics.sdk.android:crashlytics:2.5.6] AndroidManifest.xml:11:5-20
MERGED from [com.crashlytics.sdk.android:answers:1.3.7] AndroidManifest.xml:11:5-20
MERGED from [io.fabric.sdk.android:fabric:1.3.11] AndroidManifest.xml:27:5-20
MERGED from [com.crashlytics.sdk.android:crashlytics-core:2.3.9] AndroidManifest.xml:11:5-20
MERGED from [com.crashlytics.sdk.android:answers:1.3.7] AndroidManifest.xml:11:5-20
MERGED from [io.fabric.sdk.android:fabric:1.3.11] AndroidManifest.xml:27:5-20
MERGED from [io.fabric.sdk.android:fabric:1.3.11] AndroidManifest.xml:27:5-20
MERGED from [com.crashlytics.sdk.android:beta:1.1.5] AndroidManifest.xml:11:5-20
MERGED from [io.fabric.sdk.android:fabric:1.3.11] AndroidManifest.xml:27:5-20
MERGED from [io.fabric.sdk.android:fabric:1.3.11] AndroidManifest.xml:27:5-20
MERGED from [com.android.support:appcompat-v7:23.0.0] AndroidManifest.xml:22:5-20
MERGED from [com.android.support:support-v4:23.0.0] AndroidManifest.xml:22:5-20
	android:label
		ADDED from src/main/AndroidManifest.xml:46:9-41
	android:allowBackup
		ADDED from src/main/AndroidManifest.xml:44:9-35
	android:icon
		ADDED from src/main/AndroidManifest.xml:45:9-45
	android:theme
		ADDED from src/main/AndroidManifest.xml:47:9-40
meta-data#com.google.android.maps.v2.API_KEY
ADDED from src/main/AndroidManifest.xml:50:9-52:71
	android:name
		ADDED from src/main/AndroidManifest.xml:51:13-62
	android:value
		ADDED from src/main/AndroidManifest.xml:52:13-68
meta-data#com.google.android.gms.version
ADDED from src/main/AndroidManifest.xml:53:9-55:69
MERGED from [com.google.android.gms:play-services-basement:8.4.0] AndroidManifest.xml:21:9-23:69
MERGED from [com.google.android.gms:play-services-basement:8.4.0] AndroidManifest.xml:21:9-23:69
MERGED from [com.google.android.gms:play-services-basement:8.4.0] AndroidManifest.xml:21:9-23:69
MERGED from [com.google.android.gms:play-services-basement:8.4.0] AndroidManifest.xml:21:9-23:69
	android:name
		ADDED from src/main/AndroidManifest.xml:54:13-58
	android:value
		ADDED from src/main/AndroidManifest.xml:55:13-66
activity#com.aip.targascan.view.activity.SplashActivity
ADDED from src/main/AndroidManifest.xml:58:9-67:20
	android:label
		ADDED from src/main/AndroidManifest.xml:60:13-45
	android:theme
		ADDED from src/main/AndroidManifest.xml:61:13-83
	android:name
		ADDED from src/main/AndroidManifest.xml:59:13-57
intent-filter#android.intent.action.MAIN+android.intent.category.LAUNCHER
ADDED from src/main/AndroidManifest.xml:62:13-66:29
action#android.intent.action.MAIN
ADDED from src/main/AndroidManifest.xml:63:17-69
	android:name
		ADDED from src/main/AndroidManifest.xml:63:25-66
category#android.intent.category.LAUNCHER
ADDED from src/main/AndroidManifest.xml:65:17-77
	android:name
		ADDED from src/main/AndroidManifest.xml:65:27-74
activity#com.aip.targascan.view.activity.CachedjobsActivity
ADDED from src/main/AndroidManifest.xml:68:9-72:72
	android:screenOrientation
		ADDED from src/main/AndroidManifest.xml:71:13-49
	android:label
		ADDED from src/main/AndroidManifest.xml:70:13-45
	android:theme
		ADDED from src/main/AndroidManifest.xml:72:13-60
	android:name
		ADDED from src/main/AndroidManifest.xml:69:13-61
activity#com.aip.targascan.view.activity.SettingActivity
ADDED from src/main/AndroidManifest.xml:73:9-77:72
	android:screenOrientation
		ADDED from src/main/AndroidManifest.xml:76:13-49
	android:label
		ADDED from src/main/AndroidManifest.xml:75:13-45
	android:theme
		ADDED from src/main/AndroidManifest.xml:77:13-60
	android:name
		ADDED from src/main/AndroidManifest.xml:74:13-58
activity#com.aip.targascan.view.activity.ChangepwdActivity
ADDED from src/main/AndroidManifest.xml:78:9-82:72
	android:screenOrientation
		ADDED from src/main/AndroidManifest.xml:81:13-49
	android:label
		ADDED from src/main/AndroidManifest.xml:80:13-45
	android:theme
		ADDED from src/main/AndroidManifest.xml:82:13-60
	android:name
		ADDED from src/main/AndroidManifest.xml:79:13-60
activity#com.aip.targascan.view.activity.LineHaulActivity
ADDED from src/main/AndroidManifest.xml:83:9-87:72
	android:screenOrientation
		ADDED from src/main/AndroidManifest.xml:86:13-49
	android:label
		ADDED from src/main/AndroidManifest.xml:85:13-45
	android:theme
		ADDED from src/main/AndroidManifest.xml:87:13-60
	android:name
		ADDED from src/main/AndroidManifest.xml:84:13-59
activity#com.aip.targascan.view.activity.DriverdetailActivity
ADDED from src/main/AndroidManifest.xml:88:9-92:72
	android:screenOrientation
		ADDED from src/main/AndroidManifest.xml:91:13-49
	android:label
		ADDED from src/main/AndroidManifest.xml:90:13-45
	android:theme
		ADDED from src/main/AndroidManifest.xml:92:13-60
	android:name
		ADDED from src/main/AndroidManifest.xml:89:13-63
activity#com.aip.targascan.view.activity.ExitActivity
ADDED from src/main/AndroidManifest.xml:93:9-97:72
	android:screenOrientation
		ADDED from src/main/AndroidManifest.xml:96:13-49
	android:label
		ADDED from src/main/AndroidManifest.xml:95:13-45
	android:theme
		ADDED from src/main/AndroidManifest.xml:97:13-60
	android:name
		ADDED from src/main/AndroidManifest.xml:94:13-55
activity#com.aip.targascan.view.activity.GroupphotoActivity
ADDED from src/main/AndroidManifest.xml:98:9-102:72
	android:screenOrientation
		ADDED from src/main/AndroidManifest.xml:101:13-49
	android:label
		ADDED from src/main/AndroidManifest.xml:100:13-45
	android:theme
		ADDED from src/main/AndroidManifest.xml:102:13-60
	android:name
		ADDED from src/main/AndroidManifest.xml:99:13-61
activity#com.aip.targascan.view.activity.CheckInActivity
ADDED from src/main/AndroidManifest.xml:103:9-107:72
	android:screenOrientation
		ADDED from src/main/AndroidManifest.xml:106:13-49
	android:label
		ADDED from src/main/AndroidManifest.xml:105:13-45
	android:theme
		ADDED from src/main/AndroidManifest.xml:107:13-60
	android:name
		ADDED from src/main/AndroidManifest.xml:104:13-58
activity#com.aip.targascan.view.activity.PreferencesActivity
ADDED from src/main/AndroidManifest.xml:108:9-112:72
	android:screenOrientation
		ADDED from src/main/AndroidManifest.xml:111:13-49
	android:label
		ADDED from src/main/AndroidManifest.xml:110:13-45
	android:theme
		ADDED from src/main/AndroidManifest.xml:112:13-60
	android:name
		ADDED from src/main/AndroidManifest.xml:109:13-62
activity#com.aip.targascan.view.activity.ScanninghelpActivity
ADDED from src/main/AndroidManifest.xml:113:9-117:72
	android:screenOrientation
		ADDED from src/main/AndroidManifest.xml:116:13-49
	android:label
		ADDED from src/main/AndroidManifest.xml:115:13-45
	android:theme
		ADDED from src/main/AndroidManifest.xml:117:13-60
	android:name
		ADDED from src/main/AndroidManifest.xml:114:13-63
activity#com.aip.targascan.view.activity.ScansettingsActivity
ADDED from src/main/AndroidManifest.xml:118:9-122:72
	android:screenOrientation
		ADDED from src/main/AndroidManifest.xml:121:13-49
	android:label
		ADDED from src/main/AndroidManifest.xml:120:13-45
	android:theme
		ADDED from src/main/AndroidManifest.xml:122:13-60
	android:name
		ADDED from src/main/AndroidManifest.xml:119:13-63
activity#com.aip.targascan.view.activity.Switchorouteapp
ADDED from src/main/AndroidManifest.xml:123:9-127:72
	android:screenOrientation
		ADDED from src/main/AndroidManifest.xml:126:13-49
	android:label
		ADDED from src/main/AndroidManifest.xml:125:13-45
	android:theme
		ADDED from src/main/AndroidManifest.xml:127:13-60
	android:name
		ADDED from src/main/AndroidManifest.xml:124:13-58
activity#com.aip.targascan.view.activity.DashboardActivity
ADDED from src/main/AndroidManifest.xml:128:9-132:72
	android:screenOrientation
		ADDED from src/main/AndroidManifest.xml:131:13-49
	android:label
		ADDED from src/main/AndroidManifest.xml:130:13-45
	android:theme
		ADDED from src/main/AndroidManifest.xml:132:13-60
	android:name
		ADDED from src/main/AndroidManifest.xml:129:13-60
activity#com.aip.targascan.view.activity.MultiScanInner
ADDED from src/main/AndroidManifest.xml:133:9-137:72
	android:screenOrientation
		ADDED from src/main/AndroidManifest.xml:136:13-49
	android:label
		ADDED from src/main/AndroidManifest.xml:135:13-45
	android:theme
		ADDED from src/main/AndroidManifest.xml:137:13-60
	android:name
		ADDED from src/main/AndroidManifest.xml:134:13-57
activity#com.aip.targascan.view.activity.Preferences
ADDED from src/main/AndroidManifest.xml:138:9-141:72
	android:label
		ADDED from src/main/AndroidManifest.xml:140:13-45
	android:theme
		ADDED from src/main/AndroidManifest.xml:141:13-60
	android:name
		ADDED from src/main/AndroidManifest.xml:139:13-54
activity#com.aip.targascan.view.activity.LoginActivity
ADDED from src/main/AndroidManifest.xml:142:9-146:72
	android:screenOrientation
		ADDED from src/main/AndroidManifest.xml:145:13-49
	android:label
		ADDED from src/main/AndroidManifest.xml:144:13-45
	android:theme
		ADDED from src/main/AndroidManifest.xml:146:13-60
	android:name
		ADDED from src/main/AndroidManifest.xml:143:13-56
activity#com.aip.targascan.view.activity.CheckoutActivity
ADDED from src/main/AndroidManifest.xml:147:9-151:72
	android:screenOrientation
		ADDED from src/main/AndroidManifest.xml:150:13-49
	android:label
		ADDED from src/main/AndroidManifest.xml:149:13-45
	android:theme
		ADDED from src/main/AndroidManifest.xml:151:13-60
	android:name
		ADDED from src/main/AndroidManifest.xml:148:13-59
activity#com.aip.targascan.view.activity.PreferenceActivity
ADDED from src/main/AndroidManifest.xml:152:9-156:72
	android:screenOrientation
		ADDED from src/main/AndroidManifest.xml:155:13-49
	android:label
		ADDED from src/main/AndroidManifest.xml:154:13-45
	android:theme
		ADDED from src/main/AndroidManifest.xml:156:13-60
	android:name
		ADDED from src/main/AndroidManifest.xml:153:13-61
service#com.aip.targascan.service.DataLoaderService
ADDED from src/main/AndroidManifest.xml:158:9-70
	android:name
		ADDED from src/main/AndroidManifest.xml:158:18-59
activity#com.aip.targascan.CachedJobActivity
ADDED from src/main/AndroidManifest.xml:160:9-162:74
	android:label
		ADDED from src/main/AndroidManifest.xml:162:13-62
	android:name
		ADDED from src/main/AndroidManifest.xml:161:13-46
activity#com.aip.targascan.view.activity.SignatureActivity
ADDED from src/main/AndroidManifest.xml:163:9-167:72
	android:screenOrientation
		ADDED from src/main/AndroidManifest.xml:166:13-50
	android:label
		ADDED from src/main/AndroidManifest.xml:165:13-45
	android:theme
		ADDED from src/main/AndroidManifest.xml:167:13-60
	android:name
		ADDED from src/main/AndroidManifest.xml:164:13-60
activity#com.aip.targascan.view.activity.CheckOutDetailActivity
ADDED from src/main/AndroidManifest.xml:172:9-175:72
	android:screenOrientation
		ADDED from src/main/AndroidManifest.xml:174:13-49
	android:theme
		ADDED from src/main/AndroidManifest.xml:175:13-60
	android:name
		ADDED from src/main/AndroidManifest.xml:173:13-82
activity#com.aip.targascan.view.frag.SimpleScannerActivity
ADDED from src/main/AndroidManifest.xml:176:9-179:56
	android:screenOrientation
		ADDED from src/main/AndroidManifest.xml:178:13-49
	android:theme
		ADDED from src/main/AndroidManifest.xml:179:13-44
	android:name
		ADDED from src/main/AndroidManifest.xml:177:13-77
activity#com.aip.targascan.view.activity.AddressListActivity
ADDED from src/main/AndroidManifest.xml:180:9-184:72
	android:screenOrientation
		ADDED from src/main/AndroidManifest.xml:183:13-49
	android:label
		ADDED from src/main/AndroidManifest.xml:182:13-45
	android:theme
		ADDED from src/main/AndroidManifest.xml:184:13-60
	android:name
		ADDED from src/main/AndroidManifest.xml:181:13-62
activity#com.aip.targascan.view.activity.ReferenceActivity
ADDED from src/main/AndroidManifest.xml:185:9-190:72
	android:windowSoftInputMode
		ADDED from src/main/AndroidManifest.xml:190:13-60
	android:screenOrientation
		ADDED from src/main/AndroidManifest.xml:188:13-49
	android:label
		ADDED from src/main/AndroidManifest.xml:187:13-45
	android:theme
		ADDED from src/main/AndroidManifest.xml:189:13-60
	android:name
		ADDED from src/main/AndroidManifest.xml:186:13-60
activity#com.aip.targascan.map.MapActivity
ADDED from src/main/AndroidManifest.xml:191:9-195:72
	android:screenOrientation
		ADDED from src/main/AndroidManifest.xml:194:13-49
	android:label
		ADDED from src/main/AndroidManifest.xml:193:13-45
	android:theme
		ADDED from src/main/AndroidManifest.xml:195:13-60
	android:name
		ADDED from src/main/AndroidManifest.xml:192:13-44
meta-data#io.fabric.ApiKey
ADDED from src/main/AndroidManifest.xml:197:9-199:72
	android:name
		ADDED from src/main/AndroidManifest.xml:198:13-44
	android:value
		ADDED from src/main/AndroidManifest.xml:199:13-69
uses-permission#com.google.android.c2dm.permission.RECEIVE
ADDED from [com.google.android.gms:play-services-gcm:8.4.0] AndroidManifest.xml:21:5-82
	android:name
		ADDED from [com.google.android.gms:play-services-gcm:8.4.0] AndroidManifest.xml:21:22-79
uses-permission#android.permission.WAKE_LOCK
ADDED from [com.google.android.gms:play-services-measurement:8.4.0] AndroidManifest.xml:24:5-67
	android:name
		ADDED from [com.google.android.gms:play-services-measurement:8.4.0] AndroidManifest.xml:24:22-65
provider#com.google.android.gms.measurement.AppMeasurementContentProvider
ADDED from [com.google.android.gms:play-services-measurement:8.4.0] AndroidManifest.xml:28:7-31:37
	android:exported
		ADDED from [com.google.android.gms:play-services-measurement:8.4.0] AndroidManifest.xml:31:11-35
	android:authorities
		ADDED from [com.google.android.gms:play-services-measurement:8.4.0] AndroidManifest.xml:29:11-76
	android:name
		ADDED from [com.google.android.gms:play-services-measurement:8.4.0] AndroidManifest.xml:30:11-90
receiver#com.google.android.gms.measurement.AppMeasurementReceiver
ADDED from [com.google.android.gms:play-services-measurement:8.4.0] AndroidManifest.xml:33:7-39:18
	android:enabled
		ADDED from [com.google.android.gms:play-services-measurement:8.4.0] AndroidManifest.xml:35:11-33
	android:name
		ADDED from [com.google.android.gms:play-services-measurement:8.4.0] AndroidManifest.xml:34:11-83
intent-filter#com.google.android.gms.measurement.UPLOAD
ADDED from [com.google.android.gms:play-services-measurement:8.4.0] AndroidManifest.xml:36:9-38:25
action#com.google.android.gms.measurement.UPLOAD
ADDED from [com.google.android.gms:play-services-measurement:8.4.0] AndroidManifest.xml:37:11-77
	android:name
		ADDED from [com.google.android.gms:play-services-measurement:8.4.0] AndroidManifest.xml:37:19-75
service#com.google.android.gms.measurement.AppMeasurementService
ADDED from [com.google.android.gms:play-services-measurement:8.4.0] AndroidManifest.xml:41:7-44:37
	android:exported
		ADDED from [com.google.android.gms:play-services-measurement:8.4.0] AndroidManifest.xml:44:11-35
	android:enabled
		ADDED from [com.google.android.gms:play-services-measurement:8.4.0] AndroidManifest.xml:43:11-33
	android:name
		ADDED from [com.google.android.gms:play-services-measurement:8.4.0] AndroidManifest.xml:42:11-82